<?xml version="1.0" encoding="UTF-8"?>
<testng-results skipped="0" failed="0" ignored="0" total="1" passed="1">
  <reporter-output>
  </reporter-output>
  <suite name="Surefire suite" duration-ms="80" started-at="2021-05-13T16:16:36 IST" finished-at="2021-05-13T16:16:37 IST">
    <groups>
    </groups>
    <test name="Surefire test" duration-ms="80" started-at="2021-05-13T16:16:36 IST" finished-at="2021-05-13T16:16:37 IST">
      <class name="RestAPI.RestAssured.AppTest">
        <test-method status="PASS" signature="testApp()" name="testApp" duration-ms="16" started-at="2021-05-13T16:16:37 IST" finished-at="2021-05-13T16:16:37 IST">
          <reporter-output>
          </reporter-output>
        </test-method> <!-- testApp -->
      </class> <!-- RestAPI.RestAssured.AppTest -->
    </test> <!-- Surefire test -->
  </suite> <!-- Surefire suite -->
</testng-results>
