<?xml version="1.0" encoding="UTF-8"?>
<!-- Generated by org.testng.reporters.JUnitXMLReporter -->
<testsuite hostname="DESKTOP-O1BV280" ignored="1" name="Default test" tests="3" failures="0" timestamp="2021-05-15T15:10:10 IST" time="4.448" errors="0">
  <testcase name="f" time="3.293" classname="RahulShetty.BookTest"/>
  <testcase name="f" time="0.655" classname="RahulShetty.BookTest"/>
  <testcase name="f" time="0.441" classname="RahulShetty.BookTest"/>
  <testcase name="f2" time="0.0" classname="RahulShetty.BookTest">
    <ignored/>
  </testcase> <!-- f2 -->
</testsuite> <!-- Default test -->
