<?xml version="1.0" encoding="UTF-8"?>
<!-- Generated by org.testng.reporters.JUnitXMLReporter -->
<testsuite hostname="DESKTOP-O1BV280" ignored="1" name="Test" tests="3" failures="3" timestamp="2021-05-15T19:41:45 IST" time="0.06" errors="0">
  <testcase name="f" time="0.004" classname="RahulShetty.BookTest">
    <failure type="java.lang.NoClassDefFoundError" message="io/restassured/RestAssured">
      <![CDATA[java.lang.NoClassDefFoundError: io/restassured/RestAssured
at RahulShetty.BookTest.f(BookTest.java:24)
at java.util.ArrayList.forEach(ArrayList.java:1249)
Caused by: java.lang.ClassNotFoundException: io.restassured.RestAssured
at java.net.URLClassLoader.findClass(URLClassLoader.java:381)
at java.lang.ClassLoader.loadClass(ClassLoader.java:424)
at sun.misc.Launcher$AppClassLoader.loadClass(Launcher.java:331)
at java.lang.ClassLoader.loadClass(ClassLoader.java:357)
... 28 more
... Removed 26 stack frames]]>
    </failure>
  </testcase> <!-- f -->
  <testcase name="f" time="0.0" classname="RahulShetty.BookTest">
    <failure type="java.lang.NoClassDefFoundError" message="io/restassured/RestAssured">
      <![CDATA[java.lang.NoClassDefFoundError: io/restassured/RestAssured
at RahulShetty.BookTest.f(BookTest.java:24)
at java.util.ArrayList.forEach(ArrayList.java:1249)
... Removed 26 stack frames]]>
    </failure>
  </testcase> <!-- f -->
  <testcase name="f" time="0.001" classname="RahulShetty.BookTest">
    <failure type="java.lang.NoClassDefFoundError" message="io/restassured/RestAssured">
      <![CDATA[java.lang.NoClassDefFoundError: io/restassured/RestAssured
at RahulShetty.BookTest.f(BookTest.java:24)
at java.util.ArrayList.forEach(ArrayList.java:1249)
... Removed 26 stack frames]]>
    </failure>
  </testcase> <!-- f -->
  <testcase name="f2" time="0.0" classname="RahulShetty.BookTest">
    <ignored/>
  </testcase> <!-- f2 -->
</testsuite> <!-- Test -->
