<?xml version="1.0" encoding="UTF-8"?>
<testsuite xmlns:xsi="http://www.w3.org/2001/XMLSchema-instance" xsi:noNamespaceSchemaLocation="https://maven.apache.org/surefire/maven-surefire-plugin/xsd/surefire-test-report-3.0.xsd" version="3.0" name="TestSuite" time="18.035" tests="6" errors="0" skipped="0" failures="1">
  <properties>
[...]
</properties>
  <testcase name="GetWeatherDetails" classname="Practice.SimpleGetTest" time="8.454">
    <failure message="restapi.demoqa.com" type="java.net.UnknownHostException">java.net.UnknownHostException: restapi.demoqa.com
	at Practice.SimpleGetTest.GetWeatherDetails(SimpleGetTest.java:24)
</failure>
  </testcase>
  <testcase name="f" classname="RahulShetty.BookTest" time="0.445"/>
  <testcase name="f" classname="RahulShetty.BookTest" time="1.569"/>
  <testcase name="f" classname="RahulShetty.BookTest" time="0.254"/>
  <testcase name="getUserDetailsTest" classname="RestAPI.RestAssured.ApiMethodsTests" time="5.922"/>
  <testcase name="testApp on testApp(RestAPI.RestAssured.AppTest)" classname="RestAPI.RestAssured.AppTest" time="0"/>
</testsuite>